<?xml version="1.0" encoding="UTF-8"?>
<!-- Generated by org.testng.reporters.JUnitReportReporter -->
<testsuite skipped="0" hostname="FTLT517" name="testNG.Another_Test" tests="3" failures="0" timestamp="04 Dec 2018 11:10:09 GMT" time="0.012" errors="0">
  <testcase name="Demo6" time="0.010" classname="testNG.Another_Test"/>
  <testcase name="Demo8" time="0.001" classname="testNG.Another_Test"/>
  <testcase name="Demo7" time="0.001" classname="testNG.Another_Test"/>
</testsuite> <!-- testNG.Another_Test -->
