<?xml version="1.0" encoding="UTF-8"?>
<!-- Generated by org.testng.reporters.JUnitReportReporter -->
<testsuite skipped="0" hostname="FTLT517" name="testNG.Second_Class" tests="3" failures="0" timestamp="09 Dec 2018 11:57:41 GMT" time="0.009" errors="0">
  <testcase name="fourth" time="0.004" classname="testNG.Second_Class"/>
  <testcase name="sixth" time="0.002" classname="testNG.Second_Class"/>
  <testcase name="fifth" time="0.003" classname="testNG.Second_Class"/>
</testsuite> <!-- testNG.Second_Class -->
