<?xml version="1.0" encoding="UTF-8"?>
<!-- Generated by org.testng.reporters.JUnitReportReporter -->
<testsuite skipped="0" hostname="FTLT517" name="testNG.First_Class" tests="2" failures="0" timestamp="09 Dec 2018 11:57:41 GMT" time="0.006" errors="0">
  <testcase name="first" time="0.005" classname="testNG.First_Class"/>
  <testcase name="third" time="0.001" classname="testNG.First_Class"/>
</testsuite> <!-- testNG.First_Class -->
