<?xml version="1.0" encoding="UTF-8"?>
<!-- Generated by org.testng.reporters.JUnitReportReporter -->
<testsuite skipped="0" hostname="FTLT517" name="testNG.Another_Test3" tests="3" failures="0" timestamp="05 Dec 2018 13:06:02 GMT" time="0.004" errors="0">
  <testcase name="Demo2" time="0.002" classname="testNG.Another_Test3"/>
  <testcase name="Demo3" time="0.001" classname="testNG.Another_Test3"/>
  <testcase name="Demo1" time="0.001" classname="testNG.Another_Test3"/>
</testsuite> <!-- testNG.Another_Test3 -->
