<?xml version="1.0" encoding="UTF-8"?>
<!-- Generated by org.testng.reporters.JUnitReportReporter -->
<testsuite skipped="0" hostname="FTLT517" name="testNG.ThirdClass" tests="3" failures="0" timestamp="05 Dec 2018 13:17:55 GMT" time="0.004" errors="0">
  <testcase name="Demo5" time="0.001" classname="testNG.ThirdClass"/>
  <testcase name="Demo6" time="0.001" classname="testNG.ThirdClass"/>
  <testcase name="Demo4" time="0.002" classname="testNG.ThirdClass"/>
</testsuite> <!-- testNG.ThirdClass -->
