<?xml version="1.0" encoding="UTF-8"?>
<!-- Generated by org.testng.reporters.JUnitReportReporter -->
<testsuite skipped="0" hostname="FTLT517" name="testNG.NewTest" tests="3" failures="0" timestamp="05 Dec 2018 13:06:02 GMT" time="0.004" errors="0">
  <testcase name="Demo7" time="0.001" classname="testNG.NewTest"/>
  <testcase name="Demo8" time="0.001" classname="testNG.NewTest"/>
  <testcase name="Demo9" time="0.002" classname="testNG.NewTest"/>
</testsuite> <!-- testNG.NewTest -->
