<?xml version="1.0" encoding="UTF-8"?>
<!-- Generated by org.testng.reporters.JUnitReportReporter -->
<testsuite skipped="0" hostname="FTLT517" name="testNG.Third_Class" tests="4" failures="0" timestamp="09 Dec 2018 12:55:16 GMT" time="18.361" errors="0">
  <testcase name="login" time="18.346" classname="testNG.Third_Class"/>
  <testcase name="eightht" time="0.012" classname="testNG.Third_Class"/>
  <testcase name="seventh" time="0.002" classname="testNG.Third_Class"/>
  <testcase name="nineth" time="0.001" classname="testNG.Third_Class"/>
</testsuite> <!-- testNG.Third_Class -->
